<?xml version="1.0" encoding="UTF-8"?>
<!-- Generated by org.testng.reporters.JUnitReportReporter -->
<testsuite hostname="DESKTOP-V0FSRTB" failures="0" tests="1" name="com.servlet.demo.TutorialsPointTest" time="5.469" errors="0" timestamp="13 Feb 2018 00:11:56 GMT">
  <testcase classname="com.servlet.demo.TutorialsPointTest" name="testUntitledTestCase" time="5.469"/>
</testsuite> <!-- com.servlet.demo.TutorialsPointTest -->
